<?xml version="1.0" encoding="utf-8"?><testsuites name="pytest tests"><testsuite name="pytest" errors="0" failures="0" skipped="0" tests="16" time="4.705" timestamp="2026-06-27T03:40:52.625619+00:00" hostname="agent-env-ee599fe9-66e9-4731-8d10-0a59b5e99119"><testcase classname="tests.test_admin.TestAdminAuthGating" name="test_users_list_no_token_401" time="0.266" /><testcase classname="tests.test_admin.TestAdminUsersList" name="test_list_users_admin_200" time="0.802" /><testcase classname="tests.test_admin.TestAdminAuthGating" name="test_users_list_non_admin_403" time="0.647" /><testcase classname="tests.test_admin.TestAdminUsersList" name="test_list_users_search_q" time="0.111" /><testcase classname="tests.test_admin.TestAdminAuthGating" name="test_stats_no_token_401" time="0.100" /><testcase classname="tests.test_admin.TestAdminUsersList" name="test_list_users_search_no_match" time="0.134" /><testcase classname="tests.test_admin.TestAdminAuthGating" name="test_stats_non_admin_403" time="0.104" /><testcase classname="tests.test_admin.TestAdminAuthGating" name="test_bad_token_401" time="0.263" /><testcase classname="tests.test_admin.TestAdminUsersList" name="test_list_users_include_deleted" time="1.013" /><testcase classname="tests.test_admin.TestAdminUserDetail" name="test_detail_ok" time="0.115" /><testcase classname="tests.test_admin.TestAdminBan" name="test_ban_then_unban_login_cycle" time="1.606" /><testcase classname="tests.test_admin.TestAdminUserDetail" name="test_detail_404" time="0.098" /><testcase classname="tests.test_admin.TestAdminStats" name="test_stats_admin" time="0.259" /><testcase classname="tests.test_admin.TestAdminBan" name="test_admin_cannot_ban_self" time="0.152" /><testcase classname="tests.test_admin.TestAdminSoftDelete" name="test_delete_user_blocks_login_and_me" time="0.867" /><testcase classname="tests.test_admin.TestAdminSoftDelete" name="test_admin_cannot_delete_self" time="0.102" /></testsuite></testsuites>