<?xml version="1.0" encoding="utf-8"?><testsuites name="pytest tests"><testsuite name="pytest" errors="0" failures="0" skipped="0" tests="11" time="1.571" timestamp="2026-06-27T03:13:56.609026+00:00" hostname="agent-env-ee599fe9-66e9-4731-8d10-0a59b5e99119"><testcase classname="tests.test_auth.TestRegister" name="test_register_new_user_success" time="0.369" /><testcase classname="tests.test_auth.TestRegister" name="test_register_duplicate_email_returns_409" time="0.043" /><testcase classname="tests.test_auth.TestRegister" name="test_register_short_password_returns_422" time="0.042" /><testcase classname="tests.test_auth.TestRegister" name="test_register_invalid_email_returns_422" time="0.080" /><testcase classname="tests.test_auth.TestLogin" name="test_login_seeded_user_success" time="0.266" /><testcase classname="tests.test_auth.TestLogin" name="test_login_wrong_password_returns_401" time="0.268" /><testcase classname="tests.test_auth.TestLogin" name="test_login_unknown_email_returns_401" time="0.047" /><testcase classname="tests.test_auth.TestMe" name="test_me_without_auth_header_returns_401" time="0.108" /><testcase classname="tests.test_auth.TestMe" name="test_me_with_malformed_token_returns_401" time="0.100" /><testcase classname="tests.test_auth.TestMe" name="test_me_with_non_bearer_returns_401" time="0.097" /><testcase classname="tests.test_auth.TestMe" name="test_me_with_valid_token_returns_user" time="0.093" /></testsuite></testsuites>